<?xml version="1.0" encoding="UTF-8"?>
<!-- Generated by org.testng.reporters.JUnitXMLReporter -->
<testsuite ignored="0" hostname="MDALLAL" failures="4" tests="11" name="Surefire test" time="75.764" errors="0" timestamp="2025-06-21T17:07:22 EET">
  <testcase classname="tests.FullFlowTest" name="step1_addAllItems" time="10.796"/>
  <testcase classname="tests.FullFlowTest" name="step2_openBasket" time="2.86"/>
  <testcase classname="tests.FullFlowTest" name="step3_insertDummyCustomer" time="0.174"/>
  <testcase classname="tests.FullFlowTest" name="step4_fetchCustomerFromDB" time="0.008">
    <failure type="java.lang.NoClassDefFoundError" message="utils/DatabaseUtil">
      <![CDATA[java.lang.NoClassDefFoundError: utils/DatabaseUtil
at tests.FullFlowTest.step4_fetchCustomerFromDB(FullFlowTest.java:77)
at java.base/java.util.ArrayList.forEach(ArrayList.java:1596)
Caused by: java.lang.ClassNotFoundException: utils.DatabaseUtil
at java.base/jdk.internal.loader.BuiltinClassLoader.loadClass(BuiltinClassLoader.java:641)
at java.base/jdk.internal.loader.ClassLoaders$AppClassLoader.loadClass(ClassLoaders.java:188)
at java.base/java.lang.ClassLoader.loadClass(ClassLoader.java:526)
... 32 more
... Removed 30 stack frames]]>
    </failure>
  </testcase> <!-- step4_fetchCustomerFromDB -->
  <testcase classname="tests.FullFlowTest" name="step5_fillCustomerInfo" time="0.002">
    <failure type="java.lang.NoClassDefFoundError" message="pages/CheckoutPage">
      <![CDATA[java.lang.NoClassDefFoundError: pages/CheckoutPage
at tests.FullFlowTest.step5_fillCustomerInfo(FullFlowTest.java:87)
at java.base/java.util.ArrayList.forEach(ArrayList.java:1596)
Caused by: java.lang.ClassNotFoundException: pages.CheckoutPage
at java.base/jdk.internal.loader.BuiltinClassLoader.loadClass(BuiltinClassLoader.java:641)
at java.base/jdk.internal.loader.ClassLoaders$AppClassLoader.loadClass(ClassLoaders.java:188)
at java.base/java.lang.ClassLoader.loadClass(ClassLoader.java:526)
... 32 more
... Removed 30 stack frames]]>
    </failure>
  </testcase> <!-- step5_fillCustomerInfo -->
  <testcase classname="tests.FullFlowTest" name="step6_fillPayment" time="0.01">
    <failure type="java.lang.NoClassDefFoundError" message="pages/CheckoutPage">
      <![CDATA[java.lang.NoClassDefFoundError: pages/CheckoutPage
at tests.FullFlowTest.step6_fillPayment(FullFlowTest.java:97)
at java.base/java.util.ArrayList.forEach(ArrayList.java:1596)
Caused by: java.lang.ClassNotFoundException: pages.CheckoutPage
... 32 more
... Removed 30 stack frames]]>
    </failure>
  </testcase> <!-- step6_fillPayment -->
  <testcase classname="tests.FullFlowTest" name="step7_emptyBasket" time="1.691"/>
  <testcase classname="tests.FullFlowTest" name="step8_addFruitOnlyItems" time="31.918"/>
  <testcase classname="tests.FullFlowTest" name="step9_removeItemById" time="4.042"/>
  <testcase classname="tests.FullFlowTest" name="step10_invalidCheckoutValidation" time="0.006">
    <failure type="java.lang.NoClassDefFoundError" message="pages/CheckoutPage">
      <![CDATA[java.lang.NoClassDefFoundError: pages/CheckoutPage
at tests.FullFlowTest.step10_invalidCheckoutValidation(FullFlowTest.java:139)
at java.base/java.util.ArrayList.forEach(ArrayList.java:1596)
Caused by: java.lang.ClassNotFoundException: pages.CheckoutPage
... 32 more
... Removed 30 stack frames]]>
    </failure>
  </testcase> <!-- step10_invalidCheckoutValidation -->
  <testcase classname="tests.FullFlowTest" name="step11_loginMismatchBug" time="5.937"/>
</testsuite> <!-- Surefire test -->
